<?xml version="1.0" encoding="UTF-8"?>
<TestRun id="93541b9d-3776-4750-92d9-5dfe245c30ff" name="crash@CRASH-PC 2011-08-02 19:42:40" runUser="crash-pc\crash" xmlns="http://microsoft.com/schemas/VisualStudio/TeamTest/2010">
  <TestSettings name="Локальные" id="0f559936-debe-4c34-8ceb-5be85127149a">
    <Description>Это - параметры по умолчанию для локального тестового запуска.</Description>
    <Deployment enabled="false" runDeploymentRoot="crash_CRASH-PC 2011-08-02 19_42_40">
      <DeploymentItem filename="D:\BACKUP\ftp\projects\health\Health\Health.Core\bin\Debug\Health.Core.dll" />
      <DeploymentItem filename="D:\BACKUP\ftp\projects\health\Health\packages\Ninject.2.2.1.4\lib\net40-Full\Ninject.dll" />
      <DeploymentItem filename="D:\BACKUP\ftp\projects\health\Health\Health.API\bin\Debug\Health.API.dll" />
      <DeploymentItem filename="D:\BACKUP\ftp\projects\health\Health\packages\Moq.4.0.10827\lib\NET40\Moq.dll" />
      <DeploymentItem filename="D:\BACKUP\ftp\projects\health\Health\Health.Data\bin\Debug\Health.Data.dll" />
    </Deployment>
    <Execution>
      <TestTypeSpecific />
      <AgentRule name="Execution Agents">
      </AgentRule>
    </Execution>
  </TestSettings>
  <Times creation="2011-08-02T19:42:40.9594345+07:00" queuing="2011-08-02T19:42:52.0910711+07:00" start="2011-08-02T19:42:52.7061063+07:00" finish="2011-08-02T19:43:27.1890786+07:00" />
  <ResultSummary outcome="Error">
    <Counters total="1" executed="1" error="0" failed="0" timeout="0" aborted="1" inconclusive="0" passedButRunAborted="0" notRunnable="0" notExecuted="0" disconnected="0" warning="0" passed="0" completed="0" inProgress="0" pending="0" />
    <RunInfos>
      <RunInfo computerName="CRASH-PC" outcome="Error" timestamp="2011-08-02T19:43:27.1630772+07:00">
        <Text>Неожиданный выход из тестового хост-процесса.</Text>
      </RunInfo>
    </RunInfos>
  </ResultSummary>
  <TestDefinitions>
    <UnitTest name="UserSessionStarted" storage="d:\backup\ftp\projects\health\health\health.core.test\bin\debug\health.core.test.dll" id="1f777003-b005-92a6-e502-cca949edeeb8">
      <Execution id="5682d378-e35e-445b-b20a-e61b9e75d5d7" />
      <TestMethod codeBase="D:/BACKUP/ftp/projects/health/Health/Health.Core.Test/bin/Debug/Health.Core.Test.DLL" adapterTypeName="Microsoft.VisualStudio.TestTools.TestTypes.Unit.UnitTestAdapter, Microsoft.VisualStudio.QualityTools.Tips.UnitTest.Adapter, Version=10.0.0.0, Culture=neutral, PublicKeyToken=b03f5f7f11d50a3a" className="Health.Core.Test.CoreKernelTest, Health.Core.Test, Version=1.0.0.0, Culture=neutral, PublicKeyToken=null" name="UserSessionStarted" />
    </UnitTest>
  </TestDefinitions>
  <TestLists>
    <TestList name="Отсутствующие в списке результаты" id="8c84fa94-04c1-424b-9868-57a2d4851a1d" />
    <TestList name="Все загруженные результаты" id="19431567-8539-422a-85d7-44ee4e166bda" />
  </TestLists>
  <TestEntries>
    <TestEntry testId="1f777003-b005-92a6-e502-cca949edeeb8" executionId="5682d378-e35e-445b-b20a-e61b9e75d5d7" testListId="8c84fa94-04c1-424b-9868-57a2d4851a1d" />
  </TestEntries>
  <Results>
    <UnitTestResult executionId="5682d378-e35e-445b-b20a-e61b9e75d5d7" testId="1f777003-b005-92a6-e502-cca949edeeb8" testName="UserSessionStarted" computerName="CRASH-PC" duration="00:00:34.1049507" startTime="2011-08-02T19:42:53.0681270+07:00" endTime="2011-08-02T19:43:27.1730777+07:00" testType="13cdc9d9-ddb5-4fa4-a97d-d965ccfc6d4b" outcome="Aborted" testListId="8c84fa94-04c1-424b-9868-57a2d4851a1d" relativeResultsDirectory="5682d378-e35e-445b-b20a-e61b9e75d5d7">
    </UnitTestResult>
  </Results>
</TestRun>